sept 21, 2024 11:43:25 A. M. com.lab1.model.Utilidades.Utilidades escribirLog
INFORMACIÓN: Deporte creado exitosamente.
sept 21, 2024 11:43:25 A. M. com.lab1.model.Utilidades.Utilidades escribirLog
INFORMACIÓN: Deporte creado exitosamente.
sept 21, 2024 11:43:25 A. M. com.lab1.model.Utilidades.Utilidades escribirLog
INFORMACIÓN: Deporte creado exitosamente.
sept 21, 2024 11:43:25 A. M. com.lab1.model.Utilidades.Utilidades escribirLog
INFORMACIÓN: Entrenador creado exitosamente.
sept 21, 2024 11:43:25 A. M. com.lab1.model.Utilidades.Utilidades escribirLog
INFORMACIÓN: Entrenador creado exitosamente.
sept 21, 2024 11:43:25 A. M. com.lab1.model.Utilidades.Utilidades escribirLog
INFORMACIÓN: Entrenador creado exitosamente.
sept 21, 2024 11:43:25 A. M. com.lab1.model.Utilidades.Utilidades escribirLog
INFORMACIÓN: Miembro creado exitosamente.
sept 21, 2024 11:43:25 A. M. com.lab1.model.Utilidades.Utilidades escribirLog
INFORMACIÓN: Miembro creado exitosamente.
sept 21, 2024 11:43:25 A. M. com.lab1.model.Utilidades.Utilidades escribirLog
INFORMACIÓN: Miembro creado exitosamente.
sept 21, 2024 11:43:25 A. M. com.lab1.model.Utilidades.Utilidades escribirLog
INFORMACIÓN: Miembro creado exitosamente.
sept 21, 2024 11:43:25 A. M. com.lab1.model.Utilidades.Utilidades escribirLog
INFORMACIÓN: Miembro Inscrito
sept 21, 2024 11:43:25 A. M. com.lab1.model.Utilidades.Utilidades escribirLog
INFORMACIÓN: Miembro Inscrito
sept 21, 2024 11:43:25 A. M. com.lab1.model.Utilidades.Utilidades escribirLog
INFORMACIÓN: Miembro Inscrito
sept 21, 2024 11:43:25 A. M. com.lab1.model.Utilidades.Utilidades escribirLog
INFORMACIÓN: Se creo la sesión
sept 21, 2024 11:43:25 A. M. com.lab1.model.Utilidades.Utilidades escribirLog
INFORMACIÓN: Se creo la sesión
sept 21, 2024 11:43:25 A. M. com.lab1.model.Utilidades.Utilidades escribirLog
INFORMACIÓN: Se creo la sesión
sept 21, 2024 11:43:59 A. M. com.lab1.model.Utilidades.Utilidades escribirLog
INFORMACIÓN: Deporte creado exitosamente.
sept 21, 2024 11:43:59 A. M. com.lab1.model.Utilidades.Utilidades escribirLog
INFORMACIÓN: Deporte creado exitosamente.
sept 21, 2024 11:43:59 A. M. com.lab1.model.Utilidades.Utilidades escribirLog
INFORMACIÓN: Deporte creado exitosamente.
sept 21, 2024 11:43:59 A. M. com.lab1.model.Utilidades.Utilidades escribirLog
INFORMACIÓN: Entrenador creado exitosamente.
sept 21, 2024 11:43:59 A. M. com.lab1.model.Utilidades.Utilidades escribirLog
INFORMACIÓN: Entrenador creado exitosamente.
sept 21, 2024 11:43:59 A. M. com.lab1.model.Utilidades.Utilidades escribirLog
INFORMACIÓN: Entrenador creado exitosamente.
sept 21, 2024 11:43:59 A. M. com.lab1.model.Utilidades.Utilidades escribirLog
INFORMACIÓN: Miembro creado exitosamente.
sept 21, 2024 11:43:59 A. M. com.lab1.model.Utilidades.Utilidades escribirLog
INFORMACIÓN: Miembro creado exitosamente.
sept 21, 2024 11:43:59 A. M. com.lab1.model.Utilidades.Utilidades escribirLog
INFORMACIÓN: Miembro creado exitosamente.
sept 21, 2024 11:43:59 A. M. com.lab1.model.Utilidades.Utilidades escribirLog
INFORMACIÓN: Miembro creado exitosamente.
sept 21, 2024 11:43:59 A. M. com.lab1.model.Utilidades.Utilidades escribirLog
INFORMACIÓN: Miembro Inscrito
sept 21, 2024 11:43:59 A. M. com.lab1.model.Utilidades.Utilidades escribirLog
INFORMACIÓN: Miembro Inscrito
sept 21, 2024 11:43:59 A. M. com.lab1.model.Utilidades.Utilidades escribirLog
INFORMACIÓN: Miembro Inscrito
sept 21, 2024 11:43:59 A. M. com.lab1.model.Utilidades.Utilidades escribirLog
INFORMACIÓN: Se creo la sesión
sept 21, 2024 11:43:59 A. M. com.lab1.model.Utilidades.Utilidades escribirLog
INFORMACIÓN: Se creo la sesión
sept 21, 2024 11:43:59 A. M. com.lab1.model.Utilidades.Utilidades escribirLog
INFORMACIÓN: Se creo la sesión
sept 21, 2024 11:47:08 A. M. com.lab1.model.Utilidades.Utilidades escribirLog
INFORMACIÓN: Deporte creado exitosamente.
sept 21, 2024 11:47:08 A. M. com.lab1.model.Utilidades.Utilidades escribirLog
INFORMACIÓN: Deporte creado exitosamente.
sept 21, 2024 11:47:08 A. M. com.lab1.model.Utilidades.Utilidades escribirLog
INFORMACIÓN: Deporte creado exitosamente.
sept 21, 2024 11:47:08 A. M. com.lab1.model.Utilidades.Utilidades escribirLog
INFORMACIÓN: Entrenador creado exitosamente.
sept 21, 2024 11:47:08 A. M. com.lab1.model.Utilidades.Utilidades escribirLog
INFORMACIÓN: Entrenador creado exitosamente.
sept 21, 2024 11:47:08 A. M. com.lab1.model.Utilidades.Utilidades escribirLog
INFORMACIÓN: Entrenador creado exitosamente.
sept 21, 2024 11:47:08 A. M. com.lab1.model.Utilidades.Utilidades escribirLog
INFORMACIÓN: Miembro creado exitosamente.
sept 21, 2024 11:47:08 A. M. com.lab1.model.Utilidades.Utilidades escribirLog
INFORMACIÓN: Miembro creado exitosamente.
sept 21, 2024 11:47:08 A. M. com.lab1.model.Utilidades.Utilidades escribirLog
INFORMACIÓN: Miembro creado exitosamente.
sept 21, 2024 11:47:08 A. M. com.lab1.model.Utilidades.Utilidades escribirLog
INFORMACIÓN: Miembro creado exitosamente.
sept 21, 2024 11:47:08 A. M. com.lab1.model.Utilidades.Utilidades escribirLog
INFORMACIÓN: Miembro Inscrito
sept 21, 2024 11:47:08 A. M. com.lab1.model.Utilidades.Utilidades escribirLog
INFORMACIÓN: Miembro Inscrito
sept 21, 2024 11:47:08 A. M. com.lab1.model.Utilidades.Utilidades escribirLog
INFORMACIÓN: Miembro Inscrito
sept 21, 2024 11:47:08 A. M. com.lab1.model.Utilidades.Utilidades escribirLog
INFORMACIÓN: Se creo la sesión
sept 21, 2024 11:47:08 A. M. com.lab1.model.Utilidades.Utilidades escribirLog
INFORMACIÓN: Se creo la sesión
sept 21, 2024 11:47:08 A. M. com.lab1.model.Utilidades.Utilidades escribirLog
INFORMACIÓN: Se creo la sesión
sept 21, 2024 11:47:39 A. M. com.lab1.model.Utilidades.Utilidades escribirLog
INFORMACIÓN: Deporte creado exitosamente.
sept 21, 2024 11:47:39 A. M. com.lab1.model.Utilidades.Utilidades escribirLog
INFORMACIÓN: Deporte creado exitosamente.
sept 21, 2024 11:47:39 A. M. com.lab1.model.Utilidades.Utilidades escribirLog
INFORMACIÓN: Deporte creado exitosamente.
sept 21, 2024 11:47:39 A. M. com.lab1.model.Utilidades.Utilidades escribirLog
INFORMACIÓN: Entrenador creado exitosamente.
sept 21, 2024 11:47:39 A. M. com.lab1.model.Utilidades.Utilidades escribirLog
INFORMACIÓN: Entrenador creado exitosamente.
sept 21, 2024 11:47:39 A. M. com.lab1.model.Utilidades.Utilidades escribirLog
INFORMACIÓN: Entrenador creado exitosamente.
sept 21, 2024 11:47:39 A. M. com.lab1.model.Utilidades.Utilidades escribirLog
INFORMACIÓN: Miembro creado exitosamente.
sept 21, 2024 11:47:39 A. M. com.lab1.model.Utilidades.Utilidades escribirLog
INFORMACIÓN: Miembro creado exitosamente.
sept 21, 2024 11:47:39 A. M. com.lab1.model.Utilidades.Utilidades escribirLog
INFORMACIÓN: Miembro creado exitosamente.
sept 21, 2024 11:47:39 A. M. com.lab1.model.Utilidades.Utilidades escribirLog
INFORMACIÓN: Miembro creado exitosamente.
sept 21, 2024 11:47:39 A. M. com.lab1.model.Utilidades.Utilidades escribirLog
INFORMACIÓN: Miembro Inscrito
sept 21, 2024 11:47:39 A. M. com.lab1.model.Utilidades.Utilidades escribirLog
INFORMACIÓN: Miembro Inscrito
sept 21, 2024 11:47:39 A. M. com.lab1.model.Utilidades.Utilidades escribirLog
INFORMACIÓN: Miembro Inscrito
sept 21, 2024 11:47:39 A. M. com.lab1.model.Utilidades.Utilidades escribirLog
INFORMACIÓN: Se creo la sesión
sept 21, 2024 11:47:39 A. M. com.lab1.model.Utilidades.Utilidades escribirLog
INFORMACIÓN: Se creo la sesión
sept 21, 2024 11:47:39 A. M. com.lab1.model.Utilidades.Utilidades escribirLog
INFORMACIÓN: Se creo la sesión
sept 21, 2024 11:49:14 A. M. com.lab1.model.Utilidades.Utilidades escribirLog
INFORMACIÓN: Deporte creado exitosamente.
sept 21, 2024 11:49:14 A. M. com.lab1.model.Utilidades.Utilidades escribirLog
INFORMACIÓN: Deporte creado exitosamente.
sept 21, 2024 11:49:14 A. M. com.lab1.model.Utilidades.Utilidades escribirLog
INFORMACIÓN: Deporte creado exitosamente.
sept 21, 2024 11:49:14 A. M. com.lab1.model.Utilidades.Utilidades escribirLog
INFORMACIÓN: Entrenador creado exitosamente.
sept 21, 2024 11:49:14 A. M. com.lab1.model.Utilidades.Utilidades escribirLog
INFORMACIÓN: Entrenador creado exitosamente.
sept 21, 2024 11:49:14 A. M. com.lab1.model.Utilidades.Utilidades escribirLog
INFORMACIÓN: Entrenador creado exitosamente.
sept 21, 2024 11:49:14 A. M. com.lab1.model.Utilidades.Utilidades escribirLog
INFORMACIÓN: Miembro creado exitosamente.
sept 21, 2024 11:49:14 A. M. com.lab1.model.Utilidades.Utilidades escribirLog
INFORMACIÓN: Miembro creado exitosamente.
sept 21, 2024 11:49:14 A. M. com.lab1.model.Utilidades.Utilidades escribirLog
INFORMACIÓN: Miembro creado exitosamente.
sept 21, 2024 11:49:14 A. M. com.lab1.model.Utilidades.Utilidades escribirLog
INFORMACIÓN: Miembro creado exitosamente.
sept 21, 2024 11:49:14 A. M. com.lab1.model.Utilidades.Utilidades escribirLog
INFORMACIÓN: Miembro Inscrito
sept 21, 2024 11:49:14 A. M. com.lab1.model.Utilidades.Utilidades escribirLog
INFORMACIÓN: Miembro Inscrito
sept 21, 2024 11:49:14 A. M. com.lab1.model.Utilidades.Utilidades escribirLog
INFORMACIÓN: Miembro Inscrito
sept 21, 2024 11:49:14 A. M. com.lab1.model.Utilidades.Utilidades escribirLog
INFORMACIÓN: Se creo la sesión
sept 21, 2024 11:49:14 A. M. com.lab1.model.Utilidades.Utilidades escribirLog
INFORMACIÓN: Se creo la sesión
sept 21, 2024 11:49:14 A. M. com.lab1.model.Utilidades.Utilidades escribirLog
INFORMACIÓN: Se creo la sesión
sept 21, 2024 11:49:52 A. M. com.lab1.model.Utilidades.Utilidades escribirLog
INFORMACIÓN: Deporte creado exitosamente.
sept 21, 2024 11:49:52 A. M. com.lab1.model.Utilidades.Utilidades escribirLog
INFORMACIÓN: Deporte creado exitosamente.
sept 21, 2024 11:49:52 A. M. com.lab1.model.Utilidades.Utilidades escribirLog
INFORMACIÓN: Deporte creado exitosamente.
sept 21, 2024 11:49:52 A. M. com.lab1.model.Utilidades.Utilidades escribirLog
INFORMACIÓN: Entrenador creado exitosamente.
sept 21, 2024 11:49:52 A. M. com.lab1.model.Utilidades.Utilidades escribirLog
INFORMACIÓN: Entrenador creado exitosamente.
sept 21, 2024 11:49:52 A. M. com.lab1.model.Utilidades.Utilidades escribirLog
INFORMACIÓN: Entrenador creado exitosamente.
sept 21, 2024 11:49:52 A. M. com.lab1.model.Utilidades.Utilidades escribirLog
INFORMACIÓN: Miembro creado exitosamente.
sept 21, 2024 11:49:52 A. M. com.lab1.model.Utilidades.Utilidades escribirLog
INFORMACIÓN: Miembro creado exitosamente.
sept 21, 2024 11:49:52 A. M. com.lab1.model.Utilidades.Utilidades escribirLog
INFORMACIÓN: Miembro creado exitosamente.
sept 21, 2024 11:49:52 A. M. com.lab1.model.Utilidades.Utilidades escribirLog
INFORMACIÓN: Miembro creado exitosamente.
sept 21, 2024 11:49:52 A. M. com.lab1.model.Utilidades.Utilidades escribirLog
INFORMACIÓN: Miembro Inscrito
sept 21, 2024 11:49:52 A. M. com.lab1.model.Utilidades.Utilidades escribirLog
INFORMACIÓN: Miembro Inscrito
sept 21, 2024 11:49:52 A. M. com.lab1.model.Utilidades.Utilidades escribirLog
INFORMACIÓN: Miembro Inscrito
sept 21, 2024 11:49:52 A. M. com.lab1.model.Utilidades.Utilidades escribirLog
INFORMACIÓN: Se creo la sesión
sept 21, 2024 11:49:52 A. M. com.lab1.model.Utilidades.Utilidades escribirLog
INFORMACIÓN: Se creo la sesión
sept 21, 2024 11:49:52 A. M. com.lab1.model.Utilidades.Utilidades escribirLog
INFORMACIÓN: Se creo la sesión
sept 21, 2024 11:51:00 A. M. com.lab1.model.Utilidades.Utilidades escribirLog
INFORMACIÓN: Deporte creado exitosamente.
sept 21, 2024 11:51:00 A. M. com.lab1.model.Utilidades.Utilidades escribirLog
INFORMACIÓN: Deporte creado exitosamente.
sept 21, 2024 11:51:00 A. M. com.lab1.model.Utilidades.Utilidades escribirLog
INFORMACIÓN: Deporte creado exitosamente.
sept 21, 2024 11:51:00 A. M. com.lab1.model.Utilidades.Utilidades escribirLog
INFORMACIÓN: Entrenador creado exitosamente.
sept 21, 2024 11:51:00 A. M. com.lab1.model.Utilidades.Utilidades escribirLog
INFORMACIÓN: Entrenador creado exitosamente.
sept 21, 2024 11:51:00 A. M. com.lab1.model.Utilidades.Utilidades escribirLog
INFORMACIÓN: Entrenador creado exitosamente.
sept 21, 2024 11:51:00 A. M. com.lab1.model.Utilidades.Utilidades escribirLog
INFORMACIÓN: Miembro creado exitosamente.
sept 21, 2024 11:51:00 A. M. com.lab1.model.Utilidades.Utilidades escribirLog
INFORMACIÓN: Miembro creado exitosamente.
sept 21, 2024 11:51:00 A. M. com.lab1.model.Utilidades.Utilidades escribirLog
INFORMACIÓN: Miembro creado exitosamente.
sept 21, 2024 11:51:00 A. M. com.lab1.model.Utilidades.Utilidades escribirLog
INFORMACIÓN: Miembro creado exitosamente.
sept 21, 2024 11:51:00 A. M. com.lab1.model.Utilidades.Utilidades escribirLog
INFORMACIÓN: Miembro Inscrito
sept 21, 2024 11:51:00 A. M. com.lab1.model.Utilidades.Utilidades escribirLog
INFORMACIÓN: Miembro Inscrito
sept 21, 2024 11:51:00 A. M. com.lab1.model.Utilidades.Utilidades escribirLog
INFORMACIÓN: Miembro Inscrito
sept 21, 2024 11:51:00 A. M. com.lab1.model.Utilidades.Utilidades escribirLog
INFORMACIÓN: Se creo la sesión
sept 21, 2024 11:51:00 A. M. com.lab1.model.Utilidades.Utilidades escribirLog
INFORMACIÓN: Se creo la sesión
sept 21, 2024 11:51:00 A. M. com.lab1.model.Utilidades.Utilidades escribirLog
INFORMACIÓN: Se creo la sesión
sept 21, 2024 1:55:56 P. M. com.lab1.model.Utilidades.Utilidades escribirLog
INFORMACIÓN: Deporte creado exitosamente.
sept 21, 2024 1:55:56 P. M. com.lab1.model.Utilidades.Utilidades escribirLog
INFORMACIÓN: Deporte creado exitosamente.
sept 21, 2024 1:55:56 P. M. com.lab1.model.Utilidades.Utilidades escribirLog
INFORMACIÓN: Deporte creado exitosamente.
sept 21, 2024 1:55:56 P. M. com.lab1.model.Utilidades.Utilidades escribirLog
INFORMACIÓN: Entrenador creado exitosamente.
sept 21, 2024 1:55:56 P. M. com.lab1.model.Utilidades.Utilidades escribirLog
INFORMACIÓN: Entrenador creado exitosamente.
sept 21, 2024 1:55:56 P. M. com.lab1.model.Utilidades.Utilidades escribirLog
INFORMACIÓN: Entrenador creado exitosamente.
sept 21, 2024 1:55:56 P. M. com.lab1.model.Utilidades.Utilidades escribirLog
INFORMACIÓN: Miembro creado exitosamente.
sept 21, 2024 1:55:56 P. M. com.lab1.model.Utilidades.Utilidades escribirLog
INFORMACIÓN: Miembro creado exitosamente.
sept 21, 2024 1:55:56 P. M. com.lab1.model.Utilidades.Utilidades escribirLog
INFORMACIÓN: Miembro creado exitosamente.
sept 21, 2024 1:55:56 P. M. com.lab1.model.Utilidades.Utilidades escribirLog
INFORMACIÓN: Miembro creado exitosamente.
sept 21, 2024 1:55:56 P. M. com.lab1.model.Utilidades.Utilidades escribirLog
INFORMACIÓN: Miembro Inscrito
sept 21, 2024 1:55:56 P. M. com.lab1.model.Utilidades.Utilidades escribirLog
INFORMACIÓN: Miembro Inscrito
sept 21, 2024 1:55:56 P. M. com.lab1.model.Utilidades.Utilidades escribirLog
INFORMACIÓN: Miembro Inscrito
sept 21, 2024 1:55:56 P. M. com.lab1.model.Utilidades.Utilidades escribirLog
INFORMACIÓN: Se creo la sesión
sept 21, 2024 1:55:56 P. M. com.lab1.model.Utilidades.Utilidades escribirLog
INFORMACIÓN: Se creo la sesión
sept 21, 2024 1:55:56 P. M. com.lab1.model.Utilidades.Utilidades escribirLog
INFORMACIÓN: Se creo la sesión
sept 21, 2024 1:58:48 P. M. com.lab1.model.Utilidades.Utilidades escribirLog
INFORMACIÓN: Deporte creado exitosamente.
sept 21, 2024 1:58:48 P. M. com.lab1.model.Utilidades.Utilidades escribirLog
INFORMACIÓN: Deporte creado exitosamente.
sept 21, 2024 1:58:48 P. M. com.lab1.model.Utilidades.Utilidades escribirLog
INFORMACIÓN: Deporte creado exitosamente.
sept 21, 2024 1:58:48 P. M. com.lab1.model.Utilidades.Utilidades escribirLog
INFORMACIÓN: Entrenador creado exitosamente.
sept 21, 2024 1:58:48 P. M. com.lab1.model.Utilidades.Utilidades escribirLog
INFORMACIÓN: Entrenador creado exitosamente.
sept 21, 2024 1:58:48 P. M. com.lab1.model.Utilidades.Utilidades escribirLog
INFORMACIÓN: Entrenador creado exitosamente.
sept 21, 2024 1:58:48 P. M. com.lab1.model.Utilidades.Utilidades escribirLog
INFORMACIÓN: Miembro creado exitosamente.
sept 21, 2024 1:58:48 P. M. com.lab1.model.Utilidades.Utilidades escribirLog
INFORMACIÓN: Miembro creado exitosamente.
sept 21, 2024 1:58:48 P. M. com.lab1.model.Utilidades.Utilidades escribirLog
INFORMACIÓN: Miembro creado exitosamente.
sept 21, 2024 1:58:48 P. M. com.lab1.model.Utilidades.Utilidades escribirLog
INFORMACIÓN: Miembro creado exitosamente.
sept 21, 2024 1:58:48 P. M. com.lab1.model.Utilidades.Utilidades escribirLog
INFORMACIÓN: Miembro Inscrito
sept 21, 2024 1:58:48 P. M. com.lab1.model.Utilidades.Utilidades escribirLog
INFORMACIÓN: Miembro Inscrito
sept 21, 2024 1:58:48 P. M. com.lab1.model.Utilidades.Utilidades escribirLog
INFORMACIÓN: Miembro Inscrito
sept 21, 2024 1:58:48 P. M. com.lab1.model.Utilidades.Utilidades escribirLog
INFORMACIÓN: Se creo la sesión
sept 21, 2024 1:58:48 P. M. com.lab1.model.Utilidades.Utilidades escribirLog
INFORMACIÓN: Se creo la sesión
sept 21, 2024 1:58:48 P. M. com.lab1.model.Utilidades.Utilidades escribirLog
INFORMACIÓN: Se creo la sesión
sept 21, 2024 1:59:21 P. M. com.lab1.model.Utilidades.Utilidades escribirLog
INFORMACIÓN: Deporte creado exitosamente.
sept 21, 2024 1:59:21 P. M. com.lab1.model.Utilidades.Utilidades escribirLog
INFORMACIÓN: Deporte creado exitosamente.
sept 21, 2024 1:59:21 P. M. com.lab1.model.Utilidades.Utilidades escribirLog
INFORMACIÓN: Deporte creado exitosamente.
sept 21, 2024 1:59:21 P. M. com.lab1.model.Utilidades.Utilidades escribirLog
INFORMACIÓN: Entrenador creado exitosamente.
sept 21, 2024 1:59:21 P. M. com.lab1.model.Utilidades.Utilidades escribirLog
INFORMACIÓN: Entrenador creado exitosamente.
sept 21, 2024 1:59:21 P. M. com.lab1.model.Utilidades.Utilidades escribirLog
INFORMACIÓN: Entrenador creado exitosamente.
sept 21, 2024 1:59:21 P. M. com.lab1.model.Utilidades.Utilidades escribirLog
INFORMACIÓN: Miembro creado exitosamente.
sept 21, 2024 1:59:21 P. M. com.lab1.model.Utilidades.Utilidades escribirLog
INFORMACIÓN: Miembro creado exitosamente.
sept 21, 2024 1:59:21 P. M. com.lab1.model.Utilidades.Utilidades escribirLog
INFORMACIÓN: Miembro creado exitosamente.
sept 21, 2024 1:59:21 P. M. com.lab1.model.Utilidades.Utilidades escribirLog
INFORMACIÓN: Miembro creado exitosamente.
sept 21, 2024 1:59:21 P. M. com.lab1.model.Utilidades.Utilidades escribirLog
INFORMACIÓN: Miembro Inscrito
sept 21, 2024 1:59:21 P. M. com.lab1.model.Utilidades.Utilidades escribirLog
INFORMACIÓN: Miembro Inscrito
sept 21, 2024 1:59:21 P. M. com.lab1.model.Utilidades.Utilidades escribirLog
INFORMACIÓN: Miembro Inscrito
sept 21, 2024 1:59:21 P. M. com.lab1.model.Utilidades.Utilidades escribirLog
INFORMACIÓN: Se creo la sesión
sept 21, 2024 1:59:21 P. M. com.lab1.model.Utilidades.Utilidades escribirLog
INFORMACIÓN: Se creo la sesión
sept 21, 2024 1:59:21 P. M. com.lab1.model.Utilidades.Utilidades escribirLog
INFORMACIÓN: Se creo la sesión
sept 21, 2024 2:01:34 P. M. com.lab1.model.Utilidades.Utilidades escribirLog
INFORMACIÓN: Deporte creado exitosamente.
sept 21, 2024 2:01:34 P. M. com.lab1.model.Utilidades.Utilidades escribirLog
INFORMACIÓN: Deporte creado exitosamente.
sept 21, 2024 2:01:34 P. M. com.lab1.model.Utilidades.Utilidades escribirLog
INFORMACIÓN: Deporte creado exitosamente.
sept 21, 2024 2:01:34 P. M. com.lab1.model.Utilidades.Utilidades escribirLog
INFORMACIÓN: Entrenador creado exitosamente.
sept 21, 2024 2:01:34 P. M. com.lab1.model.Utilidades.Utilidades escribirLog
INFORMACIÓN: Entrenador creado exitosamente.
sept 21, 2024 2:01:34 P. M. com.lab1.model.Utilidades.Utilidades escribirLog
INFORMACIÓN: Entrenador creado exitosamente.
sept 21, 2024 2:01:34 P. M. com.lab1.model.Utilidades.Utilidades escribirLog
INFORMACIÓN: Miembro creado exitosamente.
sept 21, 2024 2:01:34 P. M. com.lab1.model.Utilidades.Utilidades escribirLog
INFORMACIÓN: Miembro creado exitosamente.
sept 21, 2024 2:01:34 P. M. com.lab1.model.Utilidades.Utilidades escribirLog
INFORMACIÓN: Miembro creado exitosamente.
sept 21, 2024 2:01:34 P. M. com.lab1.model.Utilidades.Utilidades escribirLog
INFORMACIÓN: Miembro creado exitosamente.
sept 21, 2024 2:01:34 P. M. com.lab1.model.Utilidades.Utilidades escribirLog
INFORMACIÓN: Miembro Inscrito
sept 21, 2024 2:01:34 P. M. com.lab1.model.Utilidades.Utilidades escribirLog
INFORMACIÓN: Miembro Inscrito
sept 21, 2024 2:01:34 P. M. com.lab1.model.Utilidades.Utilidades escribirLog
INFORMACIÓN: Miembro Inscrito
sept 21, 2024 2:01:34 P. M. com.lab1.model.Utilidades.Utilidades escribirLog
INFORMACIÓN: Se creo la sesión
sept 21, 2024 2:01:34 P. M. com.lab1.model.Utilidades.Utilidades escribirLog
INFORMACIÓN: Se creo la sesión
sept 21, 2024 2:01:34 P. M. com.lab1.model.Utilidades.Utilidades escribirLog
INFORMACIÓN: Se creo la sesión
sept 21, 2024 2:02:26 P. M. com.lab1.model.Utilidades.Utilidades escribirLog
INFORMACIÓN: Deporte creado exitosamente.
sept 21, 2024 2:02:26 P. M. com.lab1.model.Utilidades.Utilidades escribirLog
INFORMACIÓN: Deporte creado exitosamente.
sept 21, 2024 2:02:26 P. M. com.lab1.model.Utilidades.Utilidades escribirLog
INFORMACIÓN: Deporte creado exitosamente.
sept 21, 2024 2:02:26 P. M. com.lab1.model.Utilidades.Utilidades escribirLog
INFORMACIÓN: Entrenador creado exitosamente.
sept 21, 2024 2:02:26 P. M. com.lab1.model.Utilidades.Utilidades escribirLog
INFORMACIÓN: Entrenador creado exitosamente.
sept 21, 2024 2:02:26 P. M. com.lab1.model.Utilidades.Utilidades escribirLog
INFORMACIÓN: Entrenador creado exitosamente.
sept 21, 2024 2:02:26 P. M. com.lab1.model.Utilidades.Utilidades escribirLog
INFORMACIÓN: Miembro creado exitosamente.
sept 21, 2024 2:02:26 P. M. com.lab1.model.Utilidades.Utilidades escribirLog
INFORMACIÓN: Miembro creado exitosamente.
sept 21, 2024 2:02:26 P. M. com.lab1.model.Utilidades.Utilidades escribirLog
INFORMACIÓN: Miembro creado exitosamente.
sept 21, 2024 2:02:26 P. M. com.lab1.model.Utilidades.Utilidades escribirLog
INFORMACIÓN: Miembro creado exitosamente.
sept 21, 2024 2:02:26 P. M. com.lab1.model.Utilidades.Utilidades escribirLog
INFORMACIÓN: Miembro Inscrito
sept 21, 2024 2:02:26 P. M. com.lab1.model.Utilidades.Utilidades escribirLog
INFORMACIÓN: Miembro Inscrito
sept 21, 2024 2:02:26 P. M. com.lab1.model.Utilidades.Utilidades escribirLog
INFORMACIÓN: Miembro Inscrito
sept 21, 2024 2:02:26 P. M. com.lab1.model.Utilidades.Utilidades escribirLog
INFORMACIÓN: Se creo la sesión
sept 21, 2024 2:02:26 P. M. com.lab1.model.Utilidades.Utilidades escribirLog
INFORMACIÓN: Se creo la sesión
sept 21, 2024 2:02:26 P. M. com.lab1.model.Utilidades.Utilidades escribirLog
INFORMACIÓN: Se creo la sesión
sept 21, 2024 2:06:05 P. M. com.lab1.model.Utilidades.Utilidades escribirLog
INFORMACIÓN: Deporte creado exitosamente.
sept 21, 2024 2:06:05 P. M. com.lab1.model.Utilidades.Utilidades escribirLog
INFORMACIÓN: Deporte creado exitosamente.
sept 21, 2024 2:06:05 P. M. com.lab1.model.Utilidades.Utilidades escribirLog
INFORMACIÓN: Deporte creado exitosamente.
sept 21, 2024 2:06:05 P. M. com.lab1.model.Utilidades.Utilidades escribirLog
INFORMACIÓN: Entrenador creado exitosamente.
sept 21, 2024 2:06:05 P. M. com.lab1.model.Utilidades.Utilidades escribirLog
INFORMACIÓN: Entrenador creado exitosamente.
sept 21, 2024 2:06:05 P. M. com.lab1.model.Utilidades.Utilidades escribirLog
INFORMACIÓN: Entrenador creado exitosamente.
sept 21, 2024 2:06:05 P. M. com.lab1.model.Utilidades.Utilidades escribirLog
INFORMACIÓN: Miembro creado exitosamente.
sept 21, 2024 2:06:05 P. M. com.lab1.model.Utilidades.Utilidades escribirLog
INFORMACIÓN: Miembro creado exitosamente.
sept 21, 2024 2:06:05 P. M. com.lab1.model.Utilidades.Utilidades escribirLog
INFORMACIÓN: Miembro creado exitosamente.
sept 21, 2024 2:06:05 P. M. com.lab1.model.Utilidades.Utilidades escribirLog
INFORMACIÓN: Miembro creado exitosamente.
sept 21, 2024 2:06:05 P. M. com.lab1.model.Utilidades.Utilidades escribirLog
INFORMACIÓN: Miembro Inscrito
sept 21, 2024 2:06:05 P. M. com.lab1.model.Utilidades.Utilidades escribirLog
INFORMACIÓN: Miembro Inscrito
sept 21, 2024 2:06:05 P. M. com.lab1.model.Utilidades.Utilidades escribirLog
INFORMACIÓN: Miembro Inscrito
sept 21, 2024 2:06:05 P. M. com.lab1.model.Utilidades.Utilidades escribirLog
INFORMACIÓN: Se creo la sesión
sept 21, 2024 2:06:05 P. M. com.lab1.model.Utilidades.Utilidades escribirLog
INFORMACIÓN: Se creo la sesión
sept 21, 2024 2:06:05 P. M. com.lab1.model.Utilidades.Utilidades escribirLog
INFORMACIÓN: Se creo la sesión
sept 21, 2024 2:06:57 P. M. com.lab1.model.Utilidades.Utilidades escribirLog
INFORMACIÓN: Deporte creado exitosamente.
sept 21, 2024 2:06:57 P. M. com.lab1.model.Utilidades.Utilidades escribirLog
INFORMACIÓN: Deporte creado exitosamente.
sept 21, 2024 2:06:57 P. M. com.lab1.model.Utilidades.Utilidades escribirLog
INFORMACIÓN: Deporte creado exitosamente.
sept 21, 2024 2:06:57 P. M. com.lab1.model.Utilidades.Utilidades escribirLog
INFORMACIÓN: Entrenador creado exitosamente.
sept 21, 2024 2:06:57 P. M. com.lab1.model.Utilidades.Utilidades escribirLog
INFORMACIÓN: Entrenador creado exitosamente.
sept 21, 2024 2:06:57 P. M. com.lab1.model.Utilidades.Utilidades escribirLog
INFORMACIÓN: Entrenador creado exitosamente.
sept 21, 2024 2:06:57 P. M. com.lab1.model.Utilidades.Utilidades escribirLog
INFORMACIÓN: Miembro creado exitosamente.
sept 21, 2024 2:06:57 P. M. com.lab1.model.Utilidades.Utilidades escribirLog
INFORMACIÓN: Miembro creado exitosamente.
sept 21, 2024 2:06:57 P. M. com.lab1.model.Utilidades.Utilidades escribirLog
INFORMACIÓN: Miembro creado exitosamente.
sept 21, 2024 2:06:57 P. M. com.lab1.model.Utilidades.Utilidades escribirLog
INFORMACIÓN: Miembro creado exitosamente.
sept 21, 2024 2:06:57 P. M. com.lab1.model.Utilidades.Utilidades escribirLog
INFORMACIÓN: Miembro Inscrito
sept 21, 2024 2:06:57 P. M. com.lab1.model.Utilidades.Utilidades escribirLog
INFORMACIÓN: Miembro Inscrito
sept 21, 2024 2:06:57 P. M. com.lab1.model.Utilidades.Utilidades escribirLog
INFORMACIÓN: Miembro Inscrito
sept 21, 2024 2:06:57 P. M. com.lab1.model.Utilidades.Utilidades escribirLog
INFORMACIÓN: Se creo la sesión
sept 21, 2024 2:06:57 P. M. com.lab1.model.Utilidades.Utilidades escribirLog
INFORMACIÓN: Se creo la sesión
sept 21, 2024 2:06:57 P. M. com.lab1.model.Utilidades.Utilidades escribirLog
INFORMACIÓN: Se creo la sesión
